This is LuaHBTeX, Version 1.14.0 (TeX Live 2022/dev/Debian)  (format=lualatex 2025.4.1)  19 JUN 2025 14:46
 system commands enabled.
**/home/peteryou-laptop/Documents/research/AnalysisNotes/VHccAnalysis_CodeGuide/main
(/home/peteryou-laptop/Documents/research/AnalysisNotes/VHccAnalysis_CodeGuide/main.tex
LaTeX2e <2021-11-15> patch level 1
Lua module: luaotfload 2021-05-21 3.18 Lua based OpenType font support
Lua module: lualibs 2021-05-20 2.74 ConTeXt Lua standard libraries.
Lua module: lualibs-extended 2021-05-20 2.74 ConTeXt Lua libraries -- extended collection.
luaotfload | conf : Root cache directory is "/home/peteryou-laptop/.texlive2021/texmf-var/luatex-cache/generic/names".
luaotfload | init : Loading fontloader "fontloader-2021-05-20.lua" from kpse-resolved path "/usr/share/texlive/texmf-dist/tex/luatex/luaotfload/fontloader-2021-05-20.lua".
Lua-only attribute luaotfload@noligature = 1
Lua-only attribute luaotfload@syllabe = 2
luaotfload | init : Context OpenType loader version 3.116
Inserting `luaotfload.node_processor' at position 1 in `pre_linebreak_filter'.
Inserting `luaotfload.node_processor' at position 1 in `hpack_filter'.
Inserting `luaotfload.glyph_stream' at position 1 in `glyph_stream_provider'.
Inserting `luaotfload.define_font' at position 1 in `define_font'.
Lua-only attribute luaotfload_color_attribute = 3
luaotfload | conf : Root cache directory is "/home/peteryou-laptop/.texlive2021/texmf-var/luatex-cache/generic/names".
Inserting `luaotfload.harf.strip_prefix' at position 1 in `find_opentype_file'.
Inserting `luaotfload.harf.strip_prefix' at position 1 in `find_truetype_file'.
Inserting `luaotfload.harf.finalize_vlist' at position 1 in `post_linebreak_filter'.
Inserting `luaotfload.harf.finalize_hlist' at position 2 in `hpack_filter'.
Inserting `luaotfload.cleanup_files' at position 1 in `wrapup_run'.
Inserting `luaotfload.harf.finalize_unicode' at position 1 in `finish_pdffile'.
Inserting `luaotfload.glyphinfo' at position 1 in `glyph_info'.
Lua-only attribute luaotfload.letterspace_done = 4
Inserting `luaotfload.aux.set_sscale_dimens' at position 1 in `luaotfload.patch_font'.
Inserting `luaotfload.aux.set_font_index' at position 2 in `luaotfload.patch_font'.
Inserting `luaotfload.aux.patch_cambria_domh' at position 3 in `luaotfload.patch_font'.
Inserting `luaotfload.aux.fixup_fontdata' at position 1 in `luaotfload.patch_font_unsafe'.
Inserting `luaotfload.aux.set_capheight' at position 4 in `luaotfload.patch_font'.
Inserting `luaotfload.aux.set_xheight' at position 5 in `luaotfload.patch_font'.
Inserting `luaotfload.rewrite_fontname' at position 6 in `luaotfload.patch_font'. L3 programming layer <2022-01-21>
Inserting `tracingstacklevels' at position 1 in `input_level_string'. (/usr/share/texlive/texmf-dist/tex/latex/base/report.cls
Document Class: report 2021/10/04 v1.4n Standard LaTeX document class
(/usr/share/texlive/texmf-dist/tex/latex/base/size12.clo
File: size12.clo 2021/10/04 v1.4n Standard LaTeX file (size option)
luaotfload | db : Font names database loaded from /home/peteryou-laptop/.texlive2021/texmf-var/luatex-cache/generic/names/luaotfload-names.luc)
\c@part=\count183
\c@chapter=\count184
\c@section=\count185
\c@subsection=\count186
\c@subsubsection=\count187
\c@paragraph=\count188
\c@subparagraph=\count189
\c@figure=\count190
\c@table=\count191
\abovecaptionskip=\skip47
\belowcaptionskip=\skip48
\bibindent=\dimen137
) (/usr/share/texlive/texmf-dist/tex/latex/base/inputenc.sty
Package: inputenc 2021/02/14 v1.3d Input encoding file
\inpenc@prehook=\toks16
\inpenc@posthook=\toks17


Package inputenc Warning: inputenc package ignored with utf8 based engines.

) (/usr/share/texlive/texmf-dist/tex/latex/graphics/graphicx.sty
Package: graphicx 2021/09/16 v1.2d Enhanced LaTeX Graphics (DPC,SPQR)
 (/usr/share/texlive/texmf-dist/tex/latex/graphics/keyval.sty
Package: keyval 2014/10/28 v1.15 key=value parser (DPC)
\KV@toks@=\toks18
) (/usr/share/texlive/texmf-dist/tex/latex/graphics/graphics.sty
Package: graphics 2021/03/04 v1.4d Standard LaTeX Graphics (DPC,SPQR)
 (/usr/share/texlive/texmf-dist/tex/latex/graphics/trig.sty
Package: trig 2021/08/11 v1.11 sin cos tan (DPC)
) (/usr/share/texlive/texmf-dist/tex/latex/graphics-cfg/graphics.cfg
File: graphics.cfg 2016/06/04 v1.11 sample graphics configuration
)
Package graphics Info: Driver file: luatex.def on input line 107.
 (/usr/share/texlive/texmf-dist/tex/latex/graphics-def/luatex.def
File: luatex.def 2021/06/01 v1.2c Graphics/color driver for luatex
))
\Gin@req@height=\dimen138
\Gin@req@width=\dimen139
) (/usr/share/texlive/texmf-dist/tex/latex/natbib/natbib.sty
Package: natbib 2010/09/13 8.31b (PWD, AO)
\bibhang=\skip49
\bibsep=\skip50
LaTeX Info: Redefining \cite on input line 694.
\c@NAT@ctr=\count192
) (/usr/share/texlive/texmf-dist/tex/latex/float/float.sty
Package: float 2001/11/08 v1.3d Float enhancements (AL)
\c@float@type=\count193
\float@exts=\toks19
\float@box=\box50
\@float@everytoks=\toks20
\@floatcapt=\box51
) (/usr/share/texlive/texmf-dist/tex/latex/titlesec/titlesec.sty
Package: titlesec 2021/07/05 v2.14 Sectioning titles
\ttl@box=\box52
\beforetitleunit=\skip51
\aftertitleunit=\skip52
\ttl@plus=\dimen140
\ttl@minus=\dimen141
\ttl@toksa=\toks21
\titlewidth=\dimen142
\titlewidthlast=\dimen143
\titlewidthfirst=\dimen144
) (/usr/share/texlive/texmf-dist/tex/latex/xcolor/xcolor.sty
Package: xcolor 2021/10/31 v2.13 LaTeX color extensions (UK)
 (/usr/share/texlive/texmf-dist/tex/latex/graphics-cfg/color.cfg
File: color.cfg 2016/01/02 v1.6 sample color configuration
)
Package xcolor Info: Driver file: luatex.def on input line 227.
 (/usr/share/texlive/texmf-dist/tex/latex/colortbl/colortbl.sty
Package: colortbl 2020/01/04 v1.0e Color table columns (DPC)
 (/usr/share/texlive/texmf-dist/tex/latex/tools/array.sty
Package: array 2021/10/04 v2.5f Tabular extension package (FMi)
\col@sep=\dimen145
\ar@mcellbox=\box53
\extrarowheight=\dimen146
\NC@list=\toks22
\extratabsurround=\skip53
\backup@length=\skip54
\ar@cellbox=\box54
)
\everycr=\toks23
\minrowclearance=\skip55
)
\rownum=\count194
Package xcolor Info: Model `cmy' substituted by `cmy0' on input line 1352.
Package xcolor Info: Model `hsb' substituted by `rgb' on input line 1356.
Package xcolor Info: Model `RGB' extended on input line 1368.
Package xcolor Info: Model `HTML' substituted by `rgb' on input line 1370.
Package xcolor Info: Model `Hsb' substituted by `hsb' on input line 1371.
Package xcolor Info: Model `tHsb' substituted by `hsb' on input line 1372.
Package xcolor Info: Model `HSB' substituted by `hsb' on input line 1373.
Package xcolor Info: Model `Gray' substituted by `gray' on input line 1374.
Package xcolor Info: Model `wave' substituted by `hsb' on input line 1375.
) (/usr/share/texlive/texmf-dist/tex/latex/booktabs/booktabs.sty
Package: booktabs 2020/01/12 v1.61803398 Publication quality tables
\heavyrulewidth=\dimen147
\lightrulewidth=\dimen148
\cmidrulewidth=\dimen149
\belowrulesep=\dimen150
\belowbottomsep=\dimen151
\aboverulesep=\dimen152
\abovetopsep=\dimen153
\cmidrulesep=\dimen154
\cmidrulekern=\dimen155
\defaultaddspace=\dimen156
\@cmidla=\count195
\@cmidlb=\count196
\@aboverulesep=\dimen157
\@belowrulesep=\dimen158
\@thisruleclass=\count197
\@lastruleclass=\count198
\@thisrulewidth=\dimen159
) (/usr/share/texlive/texmf-dist/tex/latex/l3backend/l3backend-luatex.def
File: l3backend-luatex.def 2022-01-12 L3 backend support: PDF output (LuaTeX)
\l__color_backend_stack_int=\count199
\l__pdf_internal_box=\box55
) (./main.aux)
\openout1 = main.aux

LaTeX Font Info:    Checking defaults for OML/cmm/m/it on input line 21.
LaTeX Font Info:    ... okay on input line 21.
LaTeX Font Info:    Checking defaults for OMS/cmsy/m/n on input line 21.
LaTeX Font Info:    ... okay on input line 21.
LaTeX Font Info:    Checking defaults for OT1/cmr/m/n on input line 21.
LaTeX Font Info:    ... okay on input line 21.
LaTeX Font Info:    Checking defaults for T1/cmr/m/n on input line 21.
LaTeX Font Info:    ... okay on input line 21.
LaTeX Font Info:    Checking defaults for TS1/cmr/m/n on input line 21.
LaTeX Font Info:    Trying to load font information for TS1+cmr on input line 21.
 (/usr/share/texlive/texmf-dist/tex/latex/base/ts1cmr.fd
File: ts1cmr.fd 2019/12/16 v2.5j Standard LaTeX font definitions
)
LaTeX Font Info:    ... okay on input line 21.
LaTeX Font Info:    Checking defaults for TU/lmr/m/n on input line 21.
LaTeX Font Info:    ... okay on input line 21.
LaTeX Font Info:    Checking defaults for OMX/cmex/m/n on input line 21.
LaTeX Font Info:    ... okay on input line 21.
LaTeX Font Info:    Checking defaults for U/cmr/m/n on input line 21.
LaTeX Font Info:    ... okay on input line 21.
 (/usr/share/texlive/texmf-dist/tex/context/base/mkii/supp-pdf.mkii
[Loading MPS to PDF converter (version 2006.09.02).]
\scratchcounter=\count266
\scratchdimen=\dimen160
\scratchbox=\box56
\nofMPsegments=\count267
\nofMParguments=\count268
\everyMPshowfont=\toks24
\MPscratchCnt=\count269
\MPscratchDim=\dimen161
\MPnumerator=\count270
\makeMPintoPDFobject=\count271
\everyMPtoPDFconversion=\toks25
) (/usr/share/texlive/texmf-dist/tex/latex/epstopdf-pkg/epstopdf-base.sty
Package: epstopdf-base 2020-01-24 v2.11 Base part for package epstopdf
Package epstopdf-base Info: Redefining graphics rule for `.eps' on input line 485.
 (/usr/share/texlive/texmf-dist/tex/latex/latexconfig/epstopdf-sys.cfg
File: epstopdf-sys.cfg 2010/07/13 v1.3 Configuration of (r)epstopdf for TeX Live
))
LaTeX Font Info:    External font `cmex10' loaded for size
(Font)              <14.4> on input line 23.
LaTeX Font Info:    External font `cmex10' loaded for size
(Font)              <7> on input line 23.
 [1

{/var/lib/texmf/fonts/map/pdftex/updmap/pdftex.map}] (./main.toc
LaTeX Font Info:    External font `cmex10' loaded for size
(Font)              <12> on input line 2.
LaTeX Font Info:    External font `cmex10' loaded for size
(Font)              <8> on input line 2.
LaTeX Font Info:    External font `cmex10' loaded for size
(Font)              <6> on input line 2.
 [1

] [2])
\tf@toc=\write3

\openout3 = main.toc
 [3] (./intro.tex
Chapter 1.
) (./chapter2/basics.tex [4

]
Chapter 2.

Overfull \hbox (11.69952pt too wide) in paragraph at lines 20--20
[]    \TU/lmtt/m/n/12 git clone https://github.com/peteryouBuffalo/VHccAnalysis.git[] 
 []

[5

] [6]
Overfull \hbox (11.69952pt too wide) in paragraph at lines 51--51
[]    \TU/lmtt/m/n/12 git clone https://github.com/peteryouBuffalo/VHccAnalysis.git[] 
 []

) (./chapter3/analysis_code.tex [7]
Chapter 3.
[8

]
Overfull \hbox (59.50381pt too wide) in paragraph at lines 29--30
\TU/lmr/m/n/12 The []\TU/lmtt/m/n/12 Global.cxx/.h \TU/lmr/m/n/12 files take global con-stants stored in []\TU/lmtt/m/n/12 Configs/inputParameters.txt
 []

[9] [10] [11] [12] [13]) (./chapter4/selection_code.tex [14]
Chapter 4.
[15

]
Overfull \hbox (36.4195pt too wide) in paragraph at lines 27--27
[]    \TU/lmtt/m/n/12 for(size_t i=0;i<tmp.size();i++) r->GetOutputList()->Add(tmp[i]);[] 
 []

[16]) (./chapter5/running_code.tex [17] [18]
Chapter 5.

Overfull \hbox (30.22751pt too wide) in paragraph at lines 10--10
[]    \TU/lmtt/m/n/12 SAMPLE=MC_NOTVZ PROCESSING=NORMAL NANOAOD=NANOAODV9 INPUT=TCHAIN[] 
 []

[19

]
Overfull \hbox (17.87952pt too wide) in paragraph at lines 20--20
[]    \TU/lmtt/m/n/12 make FORMAT=DATA_2018 SUBFORMAT=DATA_2018B SAMPLE=DATA_NOTVZ \[] 
 []


Overfull \hbox (79.67944pt too wide) in paragraph at lines 31--31
[]    \TU/lmtt/m/n/12 ./make -filelist [Filelist] -out [output_area] -data [0 = no, 1 = yes] \[] 
 []


Overfull \hbox (30.2395pt too wide) in paragraph at lines 40--40
[]    \TU/lmtt/m/n/12 -year 2018 -syst NONE -xccEffFileName NONE -centralGenWeight 0 \[] 
 []

[20] [21] [22]) (./chapter6/main.tex [23]
Chapter 6.
(./chapter6/macros.tex [24

]
Overfull \hbox (17.63287pt too wide) in paragraph at lines 30--31
\TU/lmr/m/n/12 To pro-duce the con-trol plots nec-es-sary for the anal-y-sis, you run []\TU/lmtt/m/n/12 plot_dataMC.py\TU/lmr/m/n/12 .
 []

[25] [26]) (./chapter6/2prong.tex
Overfull \hbox (98.21942pt too wide) in paragraph at lines 19--19
[]    \TU/lmtt/m/n/12 git clone https://github.com/cms-analysis/HiggsAnalysis-CombinedLimit.git \[] 
 []

[27]
Overfull \hbox (54.95947pt too wide) in paragraph at lines 19--19
[]    \TU/lmtt/m/n/12 python3 -m pip install git+https://github.com/nsmith-/rhalphalib.git[] 
 []


Overfull \hbox (67.31946pt too wide) in paragraph at lines 25--25
[]    \TU/lmtt/m/n/12 [your_working_space]/CMSSW_14_1_0_pre4/src/HiggsAnalysis/CombinedLimit[] 
 []

) (./chapter6/combine.tex
Overfull \hbox (0.48773pt too wide) in paragraph at lines 43--1
[]\TU/lmtt/m/n/12 prepare_templates.py \TU/lmr/m/n/12 and []\TU/lmtt/m/n/12 prepare_templates_v2.py \TU/lmr/m/n/12 (prob-a-bly just need
 []

[28]
Overfull \hbox (17.87952pt too wide) in paragraph at lines 8--8
[]    \TU/lmtt/m/n/12 git clone https://github.com/andrzejnovak/combine_postfits.git[] 
 []

[29]
Overfull \hbox (17.87952pt too wide) in paragraph at lines 41--41
[]    \TU/lmtt/m/n/12 /uscms/home/[user]/.pyenv/versions/3.11.8/lib/python3.11/site-
 []


Overfull \hbox (54.95947pt too wide) in paragraph at lines 53--53
[]    \TU/lmtt/m/n/12 from . import alice, atlas, cms, label, lhcb, plot, error_estimation[] 
 []

)) (./main.bbl [30]
Underfull \hbox (badness 10000) in paragraph at lines 9--12
[]\TU/lmr/m/n/12 Work-book 5.1 chap-ter overview - get-ting started.  URL
 []


Overfull \hbox (58.09152pt too wide) in paragraph at lines 9--12
\TU/lmtt/m/n/12 "https://twiki.cern.ch/twiki/bin/view/CMSPublic/WorkBookStartingGrid"\TU/lmr/m/n/12 . 
 []


Underfull \hbox (badness 10000) in paragraph at lines 14--17
[]\TU/lmr/m/n/12 D. Nu-gyen, P. Young.  Github - vhc-c-anal-y-sis.  URL
 []


Underfull \hbox (badness 10000) in paragraph at lines 19--22
[]\TU/lmr/m/n/12 4.1.2 writ-ing your own ed-an-a-lyzer.  URL
 []


Overfull \hbox (107.53146pt too wide) in paragraph at lines 19--22
\TU/lmtt/m/n/12 "https://twiki.cern.ch/twiki/bin/view/CMSPublic/WorkBookWriteFrameworkModule"\TU/lmr/m/n/12 . 
 []


Underfull \hbox (badness 10000) in paragraph at lines 24--26
[]\TU/lmr/m/n/12 Nanoaod auto-documentation.  URL \TU/lmtt/m/n/12 "https://cms-nanoaod-
 []


Underfull \hbox (badness 10000) in paragraph at lines 38--41
[]\TU/lmr/m/n/12 P. Young D. Nguyen.  An-24-199 twiki.  URL
 []

) [31

] (./main.aux))

Here is how much of LuaTeX's memory you used:
 3045 strings out of 477805
 100000,383344 words of node,token memory allocated
 441 words of node memory still in use:
   3 hlist, 1 vlist, 1 rule, 2 glue, 3 kern, 1 glyph, 4 attribute, 55 glue_spec, 4 attribute_list, 1 write nodes
   avail lists: 2:359,3:288,4:76,5:253,6:41,7:3922,8:2,9:278,10:8,11:198
 23581 multiletter control sequences out of 65536+600000
 43 fonts using 3084839 bytes
 55i,7n,59p,913b,237s stack positions out of 5000i,500n,10000p,200000b,80000s
</usr/share/texmf/fonts/opentype/public/lm/lmmono12-regular.otf></usr/share/texmf/fonts/opentype/public/lm/lmroman12-bold.otf></usr/share/texmf/fonts/opentype/public/lm/lmroman12-regular.otf></usr/share/texmf/fonts/opentype/public/lm/lmroman17-regular.otf></usr/share/texlive/texmf-dist/fonts/type1/public/amsfonts/cm/cmmi12.pfb></usr/share/texlive/texmf-dist/fonts/type1/public/amsfonts/cm/cmmi8.pfb></usr/share/texlive/texmf-dist/fonts/type1/public/amsfonts/cm/cmr8.pfb>
Output written on main.pdf (32 pages, 99487 bytes).

PDF statistics: 145 PDF objects out of 1000 (max. 8388607)
 95 compressed objects within 1 object stream
 0 named destinations out of 1000 (max. 131072)
 1 words of extra memory for PDF output out of 10000 (max. 100000000)

